0 info it worked if it ends with ok
1 verbose cli [ '/usr/local/bin/node', '/usr/local/bin/npm', 'install' ]
2 info using npm@2.14.7
3 info using node@v4.2.1
4 verbose readDependencies loading dependencies from /Users/jefferson.wu/git/woneighty-faces/package.json
5 verbose install where, deps [ '/Users/jefferson.wu/git/woneighty-faces',
5 verbose install   [ 'express',
5 verbose install     'colors',
5 verbose install     'socket.io',
5 verbose install     'serialport',
5 verbose install     'jade',
5 verbose install     'checksum',
5 verbose install     'raspivid',
5 verbose install     'node-espeak' ] ]
6 verbose install where, peers [ '/Users/jefferson.wu/git/woneighty-faces', [] ]
7 verbose installManyTop reading for lifecycle /Users/jefferson.wu/git/woneighty-faces/package.json
8 info preinstall woneighty-faces-hardware@0.0.3
9 verbose installManyTop reading scoped package data from /Users/jefferson.wu/git/woneighty-faces/node_modules/checksum/package.json
10 verbose installManyTop reading scoped package data from /Users/jefferson.wu/git/woneighty-faces/node_modules/colors/package.json
11 verbose installManyTop reading scoped package data from /Users/jefferson.wu/git/woneighty-faces/node_modules/express/package.json
12 verbose installManyTop reading scoped package data from /Users/jefferson.wu/git/woneighty-faces/node_modules/jade/package.json
13 verbose installManyTop reading scoped package data from /Users/jefferson.wu/git/woneighty-faces/node_modules/raspivid/package.json
14 verbose installManyTop reading scoped package data from /Users/jefferson.wu/git/woneighty-faces/node_modules/serialport/package.json
15 verbose installManyTop reading scoped package data from /Users/jefferson.wu/git/woneighty-faces/node_modules/socket.io/package.json
16 verbose readDependencies loading dependencies from /Users/jefferson.wu/git/woneighty-faces/package.json
17 verbose targetResolver reading package data from /Users/jefferson.wu/git/woneighty-faces/node_modules/checksum/package.json
18 verbose targetResolver reading package data from /Users/jefferson.wu/git/woneighty-faces/node_modules/colors/package.json
19 verbose targetResolver reading package data from /Users/jefferson.wu/git/woneighty-faces/node_modules/express/package.json
20 verbose targetResolver reading package data from /Users/jefferson.wu/git/woneighty-faces/node_modules/jade/package.json
21 verbose targetResolver reading package data from /Users/jefferson.wu/git/woneighty-faces/node_modules/raspivid/package.json
22 verbose targetResolver reading package data from /Users/jefferson.wu/git/woneighty-faces/node_modules/serialport/package.json
23 verbose targetResolver reading package data from /Users/jefferson.wu/git/woneighty-faces/node_modules/socket.io/package.json
24 verbose targetResolver reading package data from /Users/jefferson.wu/git/woneighty-faces/node_modules/.bin/checksum/package.json
25 verbose targetResolver reading package data from /Users/jefferson.wu/git/woneighty-faces/node_modules/.bin/jade/package.json
26 verbose targetResolver reading package data from /Users/jefferson.wu/git/woneighty-faces/node_modules/.bin/serialportlist/package.json
27 verbose targetResolver reading package data from /Users/jefferson.wu/git/woneighty-faces/node_modules/.bin/serialportterm/package.json
28 silly cache add args [ 'raspivid@latest', null ]
29 verbose cache add spec raspivid@latest
30 silly cache add args [ 'node-espeak@latest', null ]
31 verbose cache add spec node-espeak@latest
32 silly cache add args [ 'express@latest', null ]
33 verbose cache add spec express@latest
34 silly cache add args [ 'colors@latest', null ]
35 verbose cache add spec colors@latest
36 silly cache add args [ 'socket.io@latest', null ]
37 verbose cache add spec socket.io@latest
38 silly cache add parsed spec Result {
38 silly cache add   raw: 'raspivid@latest',
38 silly cache add   scope: null,
38 silly cache add   name: 'raspivid',
38 silly cache add   rawSpec: 'latest',
38 silly cache add   spec: 'latest',
38 silly cache add   type: 'tag' }
39 silly addNamed raspivid@latest
40 verbose addNamed "latest" is being treated as a dist-tag for raspivid
41 info addNameTag [ 'raspivid', 'latest' ]
42 silly mapToRegistry name raspivid
43 silly mapToRegistry using default registry
44 silly mapToRegistry registry https://registry.npmjs.org/
45 silly mapToRegistry uri https://registry.npmjs.org/raspivid
46 verbose addNameTag registry:https://registry.npmjs.org/raspivid not in flight; fetching
47 silly cache add parsed spec Result {
47 silly cache add   raw: 'node-espeak@latest',
47 silly cache add   scope: null,
47 silly cache add   name: 'node-espeak',
47 silly cache add   rawSpec: 'latest',
47 silly cache add   spec: 'latest',
47 silly cache add   type: 'tag' }
48 silly addNamed node-espeak@latest
49 verbose addNamed "latest" is being treated as a dist-tag for node-espeak
50 info addNameTag [ 'node-espeak', 'latest' ]
51 silly mapToRegistry name node-espeak
52 silly mapToRegistry using default registry
53 silly mapToRegistry registry https://registry.npmjs.org/
54 silly mapToRegistry uri https://registry.npmjs.org/node-espeak
55 verbose addNameTag registry:https://registry.npmjs.org/node-espeak not in flight; fetching
56 silly cache add parsed spec Result {
56 silly cache add   raw: 'express@latest',
56 silly cache add   scope: null,
56 silly cache add   name: 'express',
56 silly cache add   rawSpec: 'latest',
56 silly cache add   spec: 'latest',
56 silly cache add   type: 'tag' }
57 silly addNamed express@latest
58 verbose addNamed "latest" is being treated as a dist-tag for express
59 info addNameTag [ 'express', 'latest' ]
60 silly mapToRegistry name express
61 silly mapToRegistry using default registry
62 silly mapToRegistry registry https://registry.npmjs.org/
63 silly mapToRegistry uri https://registry.npmjs.org/express
64 verbose addNameTag registry:https://registry.npmjs.org/express not in flight; fetching
65 silly cache add parsed spec Result {
65 silly cache add   raw: 'colors@latest',
65 silly cache add   scope: null,
65 silly cache add   name: 'colors',
65 silly cache add   rawSpec: 'latest',
65 silly cache add   spec: 'latest',
65 silly cache add   type: 'tag' }
66 silly addNamed colors@latest
67 verbose addNamed "latest" is being treated as a dist-tag for colors
68 info addNameTag [ 'colors', 'latest' ]
69 silly mapToRegistry name colors
70 silly mapToRegistry using default registry
71 silly mapToRegistry registry https://registry.npmjs.org/
72 silly mapToRegistry uri https://registry.npmjs.org/colors
73 verbose addNameTag registry:https://registry.npmjs.org/colors not in flight; fetching
74 silly cache add parsed spec Result {
74 silly cache add   raw: 'socket.io@latest',
74 silly cache add   scope: null,
74 silly cache add   name: 'socket.io',
74 silly cache add   rawSpec: 'latest',
74 silly cache add   spec: 'latest',
74 silly cache add   type: 'tag' }
75 silly addNamed socket.io@latest
76 verbose addNamed "latest" is being treated as a dist-tag for socket.io
77 info addNameTag [ 'socket.io', 'latest' ]
78 silly mapToRegistry name socket.io
79 silly mapToRegistry using default registry
80 silly mapToRegistry registry https://registry.npmjs.org/
81 silly mapToRegistry uri https://registry.npmjs.org/socket.io
82 verbose addNameTag registry:https://registry.npmjs.org/socket.io not in flight; fetching
83 verbose already installed skipping serialport@* /Users/jefferson.wu/git/woneighty-faces
84 verbose already installed skipping jade@^1.11.0 /Users/jefferson.wu/git/woneighty-faces
85 silly cache add args [ 'checksum@latest', null ]
86 verbose cache add spec checksum@latest
87 silly cache add parsed spec Result {
87 silly cache add   raw: 'checksum@latest',
87 silly cache add   scope: null,
87 silly cache add   name: 'checksum',
87 silly cache add   rawSpec: 'latest',
87 silly cache add   spec: 'latest',
87 silly cache add   type: 'tag' }
88 silly addNamed checksum@latest
89 verbose addNamed "latest" is being treated as a dist-tag for checksum
90 info addNameTag [ 'checksum', 'latest' ]
91 silly mapToRegistry name checksum
92 silly mapToRegistry using default registry
93 silly mapToRegistry registry https://registry.npmjs.org/
94 silly mapToRegistry uri https://registry.npmjs.org/checksum
95 verbose addNameTag registry:https://registry.npmjs.org/checksum not in flight; fetching
96 verbose request uri https://registry.npmjs.org/raspivid
97 verbose request no auth needed
98 info attempt registry request try #1 at 4:18:00 PM
99 verbose request id 6f9932d6c6a880cd
100 verbose etag "EJILAHDOS8YDNY0ZW98SKOH2M"
101 http request GET https://registry.npmjs.org/raspivid
102 verbose request uri https://registry.npmjs.org/node-espeak
103 verbose request no auth needed
104 info attempt registry request try #1 at 4:18:00 PM
105 verbose etag "1TGFG3UQ8R2QJZELYTDKU71OU"
106 http request GET https://registry.npmjs.org/node-espeak
107 verbose request uri https://registry.npmjs.org/checksum
108 verbose request no auth needed
109 info attempt registry request try #1 at 4:18:00 PM
110 verbose etag "9SXJVAENTP6ET223IDYTP6739"
111 http request GET https://registry.npmjs.org/checksum
112 verbose request uri https://registry.npmjs.org/colors
113 verbose request no auth needed
114 info attempt registry request try #1 at 4:18:00 PM
115 verbose etag "2MF3SWHQ6GXUC72S1HP3ENFFA"
116 http request GET https://registry.npmjs.org/colors
117 verbose request uri https://registry.npmjs.org/socket.io
118 verbose request no auth needed
119 info attempt registry request try #1 at 4:18:00 PM
120 verbose etag "E6VPVIMN90UGU8UC7RK9H8OX9"
121 http request GET https://registry.npmjs.org/socket.io
122 verbose request uri https://registry.npmjs.org/express
123 verbose request no auth needed
124 info attempt registry request try #1 at 4:18:00 PM
125 verbose etag "1IIAOXPGMOM2ZX3RPE1A1GWVK"
126 http request GET https://registry.npmjs.org/express
127 http 304 https://registry.npmjs.org/checksum
128 verbose headers { date: 'Thu, 05 May 2016 23:18:00 GMT',
128 verbose headers   via: '1.1 varnish',
128 verbose headers   'cache-control': 'max-age=300',
128 verbose headers   etag: '"9SXJVAENTP6ET223IDYTP6739"',
128 verbose headers   age: '67',
128 verbose headers   connection: 'keep-alive',
128 verbose headers   'x-served-by': 'cache-ord1727-ORD',
128 verbose headers   'x-cache': 'HIT',
128 verbose headers   'x-cache-hits': '1',
128 verbose headers   'x-timer': 'S1462490280.467952,VS0,VE0',
128 verbose headers   vary: 'Accept-Encoding' }
129 silly get cb [ 304,
129 silly get   { date: 'Thu, 05 May 2016 23:18:00 GMT',
129 silly get     via: '1.1 varnish',
129 silly get     'cache-control': 'max-age=300',
129 silly get     etag: '"9SXJVAENTP6ET223IDYTP6739"',
129 silly get     age: '67',
129 silly get     connection: 'keep-alive',
129 silly get     'x-served-by': 'cache-ord1727-ORD',
129 silly get     'x-cache': 'HIT',
129 silly get     'x-cache-hits': '1',
129 silly get     'x-timer': 'S1462490280.467952,VS0,VE0',
129 silly get     vary: 'Accept-Encoding' } ]
130 verbose etag https://registry.npmjs.org/checksum from cache
131 verbose get saving checksum to /Users/jefferson.wu/.npm/registry.npmjs.org/checksum/.cache.json
132 http 304 https://registry.npmjs.org/node-espeak
133 verbose headers { date: 'Thu, 05 May 2016 23:18:00 GMT',
133 verbose headers   via: '1.1 varnish',
133 verbose headers   'cache-control': 'max-age=300',
133 verbose headers   etag: '"1TGFG3UQ8R2QJZELYTDKU71OU"',
133 verbose headers   age: '67',
133 verbose headers   connection: 'keep-alive',
133 verbose headers   'x-served-by': 'cache-ord1744-ORD',
133 verbose headers   'x-cache': 'HIT',
133 verbose headers   'x-cache-hits': '1',
133 verbose headers   'x-timer': 'S1462490280.472339,VS0,VE0',
133 verbose headers   vary: 'Accept-Encoding' }
134 silly get cb [ 304,
134 silly get   { date: 'Thu, 05 May 2016 23:18:00 GMT',
134 silly get     via: '1.1 varnish',
134 silly get     'cache-control': 'max-age=300',
134 silly get     etag: '"1TGFG3UQ8R2QJZELYTDKU71OU"',
134 silly get     age: '67',
134 silly get     connection: 'keep-alive',
134 silly get     'x-served-by': 'cache-ord1744-ORD',
134 silly get     'x-cache': 'HIT',
134 silly get     'x-cache-hits': '1',
134 silly get     'x-timer': 'S1462490280.472339,VS0,VE0',
134 silly get     vary: 'Accept-Encoding' } ]
135 verbose etag https://registry.npmjs.org/node-espeak from cache
136 verbose get saving node-espeak to /Users/jefferson.wu/.npm/registry.npmjs.org/node-espeak/.cache.json
137 http 304 https://registry.npmjs.org/raspivid
138 verbose headers { date: 'Thu, 05 May 2016 23:18:00 GMT',
138 verbose headers   via: '1.1 varnish',
138 verbose headers   'cache-control': 'max-age=300',
138 verbose headers   etag: '"EJILAHDOS8YDNY0ZW98SKOH2M"',
138 verbose headers   age: '67',
138 verbose headers   connection: 'keep-alive',
138 verbose headers   'x-served-by': 'cache-ord1734-ORD',
138 verbose headers   'x-cache': 'HIT',
138 verbose headers   'x-cache-hits': '1',
138 verbose headers   'x-timer': 'S1462490280.473068,VS0,VE0',
138 verbose headers   vary: 'Accept-Encoding' }
139 silly get cb [ 304,
139 silly get   { date: 'Thu, 05 May 2016 23:18:00 GMT',
139 silly get     via: '1.1 varnish',
139 silly get     'cache-control': 'max-age=300',
139 silly get     etag: '"EJILAHDOS8YDNY0ZW98SKOH2M"',
139 silly get     age: '67',
139 silly get     connection: 'keep-alive',
139 silly get     'x-served-by': 'cache-ord1734-ORD',
139 silly get     'x-cache': 'HIT',
139 silly get     'x-cache-hits': '1',
139 silly get     'x-timer': 'S1462490280.473068,VS0,VE0',
139 silly get     vary: 'Accept-Encoding' } ]
140 verbose etag https://registry.npmjs.org/raspivid from cache
141 verbose get saving raspivid to /Users/jefferson.wu/.npm/registry.npmjs.org/raspivid/.cache.json
142 http 304 https://registry.npmjs.org/colors
143 verbose headers { date: 'Thu, 05 May 2016 23:18:00 GMT',
143 verbose headers   via: '1.1 varnish',
143 verbose headers   'cache-control': 'max-age=300',
143 verbose headers   etag: '"2MF3SWHQ6GXUC72S1HP3ENFFA"',
143 verbose headers   age: '80',
143 verbose headers   connection: 'keep-alive',
143 verbose headers   'x-served-by': 'cache-ord1729-ORD',
143 verbose headers   'x-cache': 'HIT',
143 verbose headers   'x-cache-hits': '1',
143 verbose headers   'x-timer': 'S1462490280.470591,VS0,VE0',
143 verbose headers   vary: 'Accept-Encoding' }
144 silly get cb [ 304,
144 silly get   { date: 'Thu, 05 May 2016 23:18:00 GMT',
144 silly get     via: '1.1 varnish',
144 silly get     'cache-control': 'max-age=300',
144 silly get     etag: '"2MF3SWHQ6GXUC72S1HP3ENFFA"',
144 silly get     age: '80',
144 silly get     connection: 'keep-alive',
144 silly get     'x-served-by': 'cache-ord1729-ORD',
144 silly get     'x-cache': 'HIT',
144 silly get     'x-cache-hits': '1',
144 silly get     'x-timer': 'S1462490280.470591,VS0,VE0',
144 silly get     vary: 'Accept-Encoding' } ]
145 verbose etag https://registry.npmjs.org/colors from cache
146 verbose get saving colors to /Users/jefferson.wu/.npm/registry.npmjs.org/colors/.cache.json
147 http 304 https://registry.npmjs.org/socket.io
148 verbose headers { date: 'Thu, 05 May 2016 23:18:00 GMT',
148 verbose headers   via: '1.1 varnish',
148 verbose headers   'cache-control': 'max-age=300',
148 verbose headers   etag: '"E6VPVIMN90UGU8UC7RK9H8OX9"',
148 verbose headers   age: '261',
148 verbose headers   connection: 'keep-alive',
148 verbose headers   'x-served-by': 'cache-ord1725-ORD',
148 verbose headers   'x-cache': 'HIT',
148 verbose headers   'x-cache-hits': '3',
148 verbose headers   'x-timer': 'S1462490280.478528,VS0,VE0',
148 verbose headers   vary: 'Accept-Encoding' }
149 silly get cb [ 304,
149 silly get   { date: 'Thu, 05 May 2016 23:18:00 GMT',
149 silly get     via: '1.1 varnish',
149 silly get     'cache-control': 'max-age=300',
149 silly get     etag: '"E6VPVIMN90UGU8UC7RK9H8OX9"',
149 silly get     age: '261',
149 silly get     connection: 'keep-alive',
149 silly get     'x-served-by': 'cache-ord1725-ORD',
149 silly get     'x-cache': 'HIT',
149 silly get     'x-cache-hits': '3',
149 silly get     'x-timer': 'S1462490280.478528,VS0,VE0',
149 silly get     vary: 'Accept-Encoding' } ]
150 verbose etag https://registry.npmjs.org/socket.io from cache
151 verbose get saving socket.io to /Users/jefferson.wu/.npm/registry.npmjs.org/socket.io/.cache.json
152 silly addNameTag next cb for colors with tag latest
153 silly addNamed colors@1.1.2
154 verbose addNamed "1.1.2" is a plain semver version for colors
155 silly addNameTag next cb for raspivid with tag latest
156 silly addNamed raspivid@1.0.0
157 verbose addNamed "1.0.0" is a plain semver version for raspivid
158 silly addNameTag next cb for node-espeak with tag latest
159 silly addNamed node-espeak@0.2.0
160 verbose addNamed "0.2.0" is a plain semver version for node-espeak
161 silly addNameTag next cb for checksum with tag latest
162 silly addNamed checksum@0.1.1
163 verbose addNamed "0.1.1" is a plain semver version for checksum
164 silly addNameTag next cb for socket.io with tag latest
165 silly addNamed socket.io@1.4.6
166 verbose addNamed "1.4.6" is a plain semver version for socket.io
167 silly cache afterAdd node-espeak@0.2.0
168 verbose afterAdd /Users/jefferson.wu/.npm/node-espeak/0.2.0/package/package.json not in flight; writing
169 silly cache afterAdd raspivid@1.0.0
170 verbose afterAdd /Users/jefferson.wu/.npm/raspivid/1.0.0/package/package.json not in flight; writing
171 silly cache afterAdd colors@1.1.2
172 verbose afterAdd /Users/jefferson.wu/.npm/colors/1.1.2/package/package.json not in flight; writing
173 silly cache afterAdd socket.io@1.4.6
174 verbose afterAdd /Users/jefferson.wu/.npm/socket.io/1.4.6/package/package.json not in flight; writing
175 verbose afterAdd /Users/jefferson.wu/.npm/raspivid/1.0.0/package/package.json written
176 info already installed raspivid@1.0.0
177 silly cache afterAdd checksum@0.1.1
178 verbose afterAdd /Users/jefferson.wu/.npm/checksum/0.1.1/package/package.json not in flight; writing
179 verbose afterAdd /Users/jefferson.wu/.npm/node-espeak/0.2.0/package/package.json written
180 verbose afterAdd /Users/jefferson.wu/.npm/colors/1.1.2/package/package.json written
181 info already installed colors@1.1.2
182 verbose afterAdd /Users/jefferson.wu/.npm/socket.io/1.4.6/package/package.json written
183 info already installed socket.io@1.4.6
184 verbose afterAdd /Users/jefferson.wu/.npm/checksum/0.1.1/package/package.json written
185 info already installed checksum@0.1.1
186 http 304 https://registry.npmjs.org/express
187 verbose headers { date: 'Thu, 05 May 2016 23:18:00 GMT',
187 verbose headers   via: '1.1 varnish',
187 verbose headers   'cache-control': 'max-age=300',
187 verbose headers   etag: '"1IIAOXPGMOM2ZX3RPE1A1GWVK"',
187 verbose headers   age: '4',
187 verbose headers   connection: 'keep-alive',
187 verbose headers   'x-served-by': 'cache-ord1750-ORD',
187 verbose headers   'x-cache': 'HIT',
187 verbose headers   'x-cache-hits': '1',
187 verbose headers   'x-timer': 'S1462490280.581983,VS0,VE0',
187 verbose headers   vary: 'Accept-Encoding' }
188 silly get cb [ 304,
188 silly get   { date: 'Thu, 05 May 2016 23:18:00 GMT',
188 silly get     via: '1.1 varnish',
188 silly get     'cache-control': 'max-age=300',
188 silly get     etag: '"1IIAOXPGMOM2ZX3RPE1A1GWVK"',
188 silly get     age: '4',
188 silly get     connection: 'keep-alive',
188 silly get     'x-served-by': 'cache-ord1750-ORD',
188 silly get     'x-cache': 'HIT',
188 silly get     'x-cache-hits': '1',
188 silly get     'x-timer': 'S1462490280.581983,VS0,VE0',
188 silly get     vary: 'Accept-Encoding' } ]
189 verbose etag https://registry.npmjs.org/express from cache
190 verbose get saving express to /Users/jefferson.wu/.npm/registry.npmjs.org/express/.cache.json
191 silly addNameTag next cb for express with tag latest
192 silly addNamed express@4.13.4
193 verbose addNamed "4.13.4" is a plain semver version for express
194 silly cache afterAdd express@4.13.4
195 verbose afterAdd /Users/jefferson.wu/.npm/express/4.13.4/package/package.json not in flight; writing
196 verbose afterAdd /Users/jefferson.wu/.npm/express/4.13.4/package/package.json written
197 info already installed express@4.13.4
198 silly install resolved [ { name: 'node-espeak',
198 silly install resolved     version: '0.2.0',
198 silly install resolved     description: 'eSpeak for node',
198 silly install resolved     main: 'index.js',
198 silly install resolved     author: { name: 'Frederick Gnodtke' },
198 silly install resolved     license: 'GPL',
198 silly install resolved     os: [ 'linux' ],
198 silly install resolved     repository:
198 silly install resolved      { type: 'git',
198 silly install resolved        url: 'https://git.cronosx.de/prior/node-espeak.git' },
198 silly install resolved     keywords: [ 'node', 'espeak' ],
198 silly install resolved     engines: { node: '>=0.10.0' },
198 silly install resolved     dependencies: { bindings: '~1.2.1', nan: '^2.1.0' },
198 silly install resolved     scripts:
198 silly install resolved      { preinstall: 'rm -Rf deps/espeak; git clone --branch 1.48.15 https://github.com/rhdunn/espeak.git deps/espeak',
198 silly install resolved        install: 'node-gyp rebuild' },
198 silly install resolved     gitHead: '3516ea07c4113cb94df873501d05be22e3759c83',
198 silly install resolved     _id: 'node-espeak@0.2.0',
198 silly install resolved     _shasum: '2bbd0bf003a2ed8b596c8ed0c5283fed479543ed',
198 silly install resolved     _from: 'node-espeak@latest',
198 silly install resolved     _npmVersion: '3.5.2',
198 silly install resolved     _nodeVersion: '5.3.0',
198 silly install resolved     _npmUser: { name: 'prior99', email: 'frederick@gnodtke.net' },
198 silly install resolved     dist:
198 silly install resolved      { shasum: '2bbd0bf003a2ed8b596c8ed0c5283fed479543ed',
198 silly install resolved        tarball: 'https://registry.npmjs.org/node-espeak/-/node-espeak-0.2.0.tgz' },
198 silly install resolved     maintainers: [ [Object] ],
198 silly install resolved     directories: {},
198 silly install resolved     _resolved: 'https://registry.npmjs.org/node-espeak/-/node-espeak-0.2.0.tgz',
198 silly install resolved     readme: 'ERROR: No README data found!' } ]
199 info install node-espeak@0.2.0 into /Users/jefferson.wu/git/woneighty-faces
200 info installOne node-espeak@0.2.0
201 verbose installOne of node-espeak to /Users/jefferson.wu/git/woneighty-faces not in flight; installing
202 verbose lock using /Users/jefferson.wu/.npm/_locks/node-espeak-b45f970ad3ff289b.lock for /Users/jefferson.wu/git/woneighty-faces/node_modules/node-espeak
203 verbose unlock done using /Users/jefferson.wu/.npm/_locks/node-espeak-b45f970ad3ff289b.lock for /Users/jefferson.wu/git/woneighty-faces/node_modules/node-espeak
204 verbose stack Error: Unsupported
204 verbose stack     at checkPlatform (/usr/local/lib/node_modules/npm/node_modules/npm-install-checks/index.js:47:14)
204 verbose stack     at Array.<anonymous> (/usr/local/lib/node_modules/npm/node_modules/slide/lib/bind-actor.js:15:8)
204 verbose stack     at LOOP (/usr/local/lib/node_modules/npm/node_modules/slide/lib/chain.js:15:14)
204 verbose stack     at /usr/local/lib/node_modules/npm/node_modules/slide/lib/chain.js:18:7
204 verbose stack     at checkEngine (/usr/local/lib/node_modules/npm/node_modules/npm-install-checks/index.js:26:10)
204 verbose stack     at Array.<anonymous> (/usr/local/lib/node_modules/npm/node_modules/slide/lib/bind-actor.js:15:8)
204 verbose stack     at LOOP (/usr/local/lib/node_modules/npm/node_modules/slide/lib/chain.js:15:14)
204 verbose stack     at chain (/usr/local/lib/node_modules/npm/node_modules/slide/lib/chain.js:20:5)
204 verbose stack     at /usr/local/lib/node_modules/npm/lib/install.js:1038:5
204 verbose stack     at /usr/local/lib/node_modules/npm/lib/utils/locker.js:39:7
205 verbose pkgid node-espeak@0.2.0
206 verbose cwd /Users/jefferson.wu/git/woneighty-faces
207 error Darwin 14.5.0
208 error argv "/usr/local/bin/node" "/usr/local/bin/npm" "install"
209 error node v4.2.1
210 error npm  v2.14.7
211 error code EBADPLATFORM
212 error notsup Unsupported
212 error notsup Not compatible with your operating system or architecture: node-espeak@0.2.0
212 error notsup Valid OS:    linux
212 error notsup Valid Arch:  any
212 error notsup Actual OS:   darwin
212 error notsup Actual Arch: x64
213 verbose exit [ 1, true ]
